{
  "RSpec": {
    "coverage": {
      "/home/ferreira/Repositories/rails-01/app/controllers/users_controller.rb": {
        "lines": [
          1,
          1,
          2,
          2,
          null,
          null,
          1,
          2,
          2,
          null,
          null,
          1,
          4,
          4,
          2,
          null,
          2,
          null,
          null,
          null,
          1,
          4,
          4,
          2,
          null,
          2,
          null,
          null,
          null,
          1,
          3,
          3,
          2,
          null,
          1,
          null,
          null,
          null,
          1,
          1,
          8,
          null,
          null
        ]
      },
      "/home/ferreira/Repositories/rails-01/app/controllers/application_controller.rb": {
        "lines": [
          1,
          null
        ]
      },
      "/home/ferreira/Repositories/rails-01/app/models/user.rb": {
        "lines": [
          1,
          1,
          1,
          1,
          null
        ]
      },
      "/home/ferreira/Repositories/rails-01/app/models/application_record.rb": {
        "lines": [
          1,
          1,
          null
        ]
      },
      "/home/ferreira/Repositories/rails-01/app/jobs/application_job.rb": {
        "lines": [
          0,
          null,
          null,
          null,
          null,
          null,
          0
        ],
        "branches": {}
      },
      "/home/ferreira/Repositories/rails-01/app/mailers/application_mailer.rb": {
        "lines": [
          0,
          0,
          0,
          0
        ],
        "branches": {}
      }
    },
    "timestamp": 1734127839
  }
}
